<?xml version="1.0" encoding="UTF-8"?>
<!-- Generated by org.testng.reporters.JUnitReportReporter -->
<testsuite hostname="DESKTOP-1L5QJ4B" failures="0" tests="1" name="apiTesting.ApiTest" time="5.274" errors="0" timestamp="2024-01-22T19:57:03 EST" skipped="0">
  <testcase classname="apiTesting.ApiTest" name="exampleApiTest" time="5.274"/>
  <system-out/>
</testsuite> <!-- apiTesting.ApiTest -->
